{
  "RSpec": {
    "coverage": {
      "/home/Sherief/tic-tac-toe-rb-online-web-sp-000/lib/tic_tac_toe.rb": [
        1,
        null,
        1,
        null,
        1,
        1,
        24,
        24,
        24,
        24,
        24,
        null,
        null,
        1,
        23,
        null,
        null,
        1,
        22,
        null,
        null,
        1,
        25,
        null,
        null,
        1,
        23,
        null,
        null,
        1,
        20,
        20,
        20,
        20,
        19,
        19,
        null,
        1,
        1,
        null,
        null,
        null,
        1,
        21,
        189,
        null,
        null,
        null,
        1,
        20,
        null,
        null,
        1,
        60,
        60,
        389,
        389,
        389,
        1167,
        1167,
        null,
        389,
        24,
        null,
        365,
        null,
        null,
        null,
        null,
        1,
        16,
        87,
        null,
        null,
        null,
        1,
        17,
        null,
        null,
        1,
        21,
        null,
        null,
        1,
        7,
        null,
        null,
        1,
        12,
        17,
        null,
        12,
        5,
        null,
        7,
        null,
        null
      ]
    },
    "timestamp": 1578631616
  }
}
